0 info it worked if it ends with ok
1 verbose cli [ '/usr/local/bin/node', '/usr/local/bin/npm', 'run', 'build' ]
2 info using npm@3.8.6
3 info using node@v6.1.0
4 verbose run-script [ 'prebuild', 'build', 'postbuild' ]
5 info lifecycle angular2-ui-switch-codengamer@0.0.2~prebuild: angular2-ui-switch-codengamer@0.0.2
6 verbose lifecycle angular2-ui-switch-codengamer@0.0.2~prebuild: unsafe-perm in lifecycle true
7 verbose lifecycle angular2-ui-switch-codengamer@0.0.2~prebuild: PATH: /usr/local/lib/node_modules/npm/bin/node-gyp-bin:/Users/codeNpaper/dev/node/angular2-ui-switch/node_modules/.bin:/usr/local/bin:/Users/codeNpaper:/Users/codeNpaper/bin:/usr/local/bin:/Users/codeNpaper/.rbenv/shims:/Users/codeNpaper/.npm-packages/bin:/usr/local/bin:/usr/bin:/bin:/usr/sbin:/sbin:/Users/codeNpaper/scripts:/Users/codeNpaper/Library/Android/sdk/tools:/Users/codeNpaper/Library/Android/sdk/platform-tools
8 verbose lifecycle angular2-ui-switch-codengamer@0.0.2~prebuild: CWD: /Users/codeNpaper/dev/node/angular2-ui-switch
9 silly lifecycle angular2-ui-switch-codengamer@0.0.2~prebuild: Args: [ '-c', 'rimraf dist' ]
10 silly lifecycle angular2-ui-switch-codengamer@0.0.2~prebuild: Returned: code: 0  signal: null
11 info lifecycle angular2-ui-switch-codengamer@0.0.2~build: angular2-ui-switch-codengamer@0.0.2
12 verbose lifecycle angular2-ui-switch-codengamer@0.0.2~build: unsafe-perm in lifecycle true
13 verbose lifecycle angular2-ui-switch-codengamer@0.0.2~build: PATH: /usr/local/lib/node_modules/npm/bin/node-gyp-bin:/Users/codeNpaper/dev/node/angular2-ui-switch/node_modules/.bin:/usr/local/bin:/Users/codeNpaper:/Users/codeNpaper/bin:/usr/local/bin:/Users/codeNpaper/.rbenv/shims:/Users/codeNpaper/.npm-packages/bin:/usr/local/bin:/usr/bin:/bin:/usr/sbin:/sbin:/Users/codeNpaper/scripts:/Users/codeNpaper/Library/Android/sdk/tools:/Users/codeNpaper/Library/Android/sdk/platform-tools
14 verbose lifecycle angular2-ui-switch-codengamer@0.0.2~build: CWD: /Users/codeNpaper/dev/node/angular2-ui-switch
15 silly lifecycle angular2-ui-switch-codengamer@0.0.2~build: Args: [ '-c', 'npm run tsc' ]
16 silly lifecycle angular2-ui-switch-codengamer@0.0.2~build: Returned: code: 1  signal: null
17 info lifecycle angular2-ui-switch-codengamer@0.0.2~build: Failed to exec build script
18 verbose stack Error: angular2-ui-switch-codengamer@0.0.2 build: `npm run tsc`
18 verbose stack Exit status 1
18 verbose stack     at EventEmitter.<anonymous> (/usr/local/lib/node_modules/npm/lib/utils/lifecycle.js:239:16)
18 verbose stack     at emitTwo (events.js:106:13)
18 verbose stack     at EventEmitter.emit (events.js:191:7)
18 verbose stack     at ChildProcess.<anonymous> (/usr/local/lib/node_modules/npm/lib/utils/spawn.js:24:14)
18 verbose stack     at emitTwo (events.js:106:13)
18 verbose stack     at ChildProcess.emit (events.js:191:7)
18 verbose stack     at maybeClose (internal/child_process.js:850:16)
18 verbose stack     at Process.ChildProcess._handle.onexit (internal/child_process.js:215:5)
19 verbose pkgid angular2-ui-switch-codengamer@0.0.2
20 verbose cwd /Users/codeNpaper/dev/node/angular2-ui-switch
21 error Darwin 16.1.0
22 error argv "/usr/local/bin/node" "/usr/local/bin/npm" "run" "build"
23 error node v6.1.0
24 error npm  v3.8.6
25 error code ELIFECYCLE
26 error angular2-ui-switch-codengamer@0.0.2 build: `npm run tsc`
26 error Exit status 1
27 error Failed at the angular2-ui-switch-codengamer@0.0.2 build script 'npm run tsc'.
27 error Make sure you have the latest version of node.js and npm installed.
27 error If you do, this is most likely a problem with the angular2-ui-switch-codengamer package,
27 error not with npm itself.
27 error Tell the author that this fails on your system:
27 error     npm run tsc
27 error You can get information on how to open an issue for this project with:
27 error     npm bugs angular2-ui-switch-codengamer
27 error Or if that isn't available, you can get their info via:
27 error     npm owner ls angular2-ui-switch-codengamer
27 error There is likely additional logging output above.
28 verbose exit [ 1, true ]
